

Started GET "/" for 127.0.0.1 at 2014-12-10 16:27:41 +0100

PG::ConnectionBad (could not connect to server: Connection refused
	Is the server running on host "localhost" (127.0.0.1) and accepting
	TCP/IP connections on port 5432?
):
  activerecord (4.1.4) lib/active_record/connection_adapters/postgresql_adapter.rb:888:in `initialize'
  activerecord (4.1.4) lib/active_record/connection_adapters/postgresql_adapter.rb:888:in `new'
  activerecord (4.1.4) lib/active_record/connection_adapters/postgresql_adapter.rb:888:in `connect'
  activerecord (4.1.4) lib/active_record/connection_adapters/postgresql_adapter.rb:568:in `initialize'
  activerecord (4.1.4) lib/active_record/connection_adapters/postgresql_adapter.rb:41:in `new'
  activerecord (4.1.4) lib/active_record/connection_adapters/postgresql_adapter.rb:41:in `postgresql_connection'
  activerecord (4.1.4) lib/active_record/connection_adapters/abstract/connection_pool.rb:435:in `new_connection'
  activerecord (4.1.4) lib/active_record/connection_adapters/abstract/connection_pool.rb:445:in `checkout_new_connection'
  activerecord (4.1.4) lib/active_record/connection_adapters/abstract/connection_pool.rb:416:in `acquire_connection'
  activerecord (4.1.4) lib/active_record/connection_adapters/abstract/connection_pool.rb:351:in `block in checkout'
  /home/bartek/.rvm/rubies/ruby-2.1.5/lib/ruby/2.1.0/monitor.rb:211:in `mon_synchronize'
  activerecord (4.1.4) lib/active_record/connection_adapters/abstract/connection_pool.rb:350:in `checkout'
  activerecord (4.1.4) lib/active_record/connection_adapters/abstract/connection_pool.rb:265:in `block in connection'
  /home/bartek/.rvm/rubies/ruby-2.1.5/lib/ruby/2.1.0/monitor.rb:211:in `mon_synchronize'
  activerecord (4.1.4) lib/active_record/connection_adapters/abstract/connection_pool.rb:264:in `connection'
  activerecord (4.1.4) lib/active_record/connection_adapters/abstract/connection_pool.rb:541:in `retrieve_connection'
  activerecord (4.1.4) lib/active_record/connection_handling.rb:113:in `retrieve_connection'
  activerecord (4.1.4) lib/active_record/connection_handling.rb:87:in `connection'
  activerecord (4.1.4) lib/active_record/migration.rb:388:in `check_pending!'
  activerecord (4.1.4) lib/active_record/migration.rb:377:in `call'
  actionpack (4.1.4) lib/action_dispatch/middleware/callbacks.rb:29:in `block in call'
  activesupport (4.1.4) lib/active_support/callbacks.rb:82:in `run_callbacks'
  actionpack (4.1.4) lib/action_dispatch/middleware/callbacks.rb:27:in `call'
  actionpack (4.1.4) lib/action_dispatch/middleware/reloader.rb:73:in `call'
  actionpack (4.1.4) lib/action_dispatch/middleware/remote_ip.rb:76:in `call'
  actionpack (4.1.4) lib/action_dispatch/middleware/debug_exceptions.rb:17:in `call'
  actionpack (4.1.4) lib/action_dispatch/middleware/show_exceptions.rb:30:in `call'
  railties (4.1.4) lib/rails/rack/logger.rb:38:in `call_app'
  railties (4.1.4) lib/rails/rack/logger.rb:20:in `block in call'
  activesupport (4.1.4) lib/active_support/tagged_logging.rb:68:in `block in tagged'
  activesupport (4.1.4) lib/active_support/tagged_logging.rb:26:in `tagged'
  activesupport (4.1.4) lib/active_support/tagged_logging.rb:68:in `tagged'
  railties (4.1.4) lib/rails/rack/logger.rb:20:in `call'
  actionpack (4.1.4) lib/action_dispatch/middleware/request_id.rb:21:in `call'
  rack (1.5.2) lib/rack/methodoverride.rb:21:in `call'
  rack (1.5.2) lib/rack/runtime.rb:17:in `call'
  activesupport (4.1.4) lib/active_support/cache/strategy/local_cache_middleware.rb:26:in `call'
  rack (1.5.2) lib/rack/lock.rb:17:in `call'
  actionpack (4.1.4) lib/action_dispatch/middleware/static.rb:64:in `call'
  rack (1.5.2) lib/rack/sendfile.rb:112:in `call'
  rack-cors (0.2.9) lib/rack/cors.rb:54:in `call'
  railties (4.1.4) lib/rails/engine.rb:514:in `call'
  railties (4.1.4) lib/rails/application.rb:144:in `call'
  rack (1.5.2) lib/rack/content_length.rb:14:in `call'
  puma (2.9.1) lib/puma/server.rb:490:in `handle_request'
  puma (2.9.1) lib/puma/server.rb:361:in `process_client'
  puma (2.9.1) lib/puma/server.rb:254:in `block in run'
  puma (2.9.1) lib/puma/thread_pool.rb:92:in `call'
  puma (2.9.1) lib/puma/thread_pool.rb:92:in `block in spawn_thread'


  Rendered /home/bartek/.rvm/gems/ruby-2.1.5/gems/actionpack-4.1.4/lib/action_dispatch/middleware/templates/rescues/_source.erb (0.9ms)
  Rendered /home/bartek/.rvm/gems/ruby-2.1.5/gems/actionpack-4.1.4/lib/action_dispatch/middleware/templates/rescues/_trace.html.erb (1.8ms)
  Rendered /home/bartek/.rvm/gems/ruby-2.1.5/gems/actionpack-4.1.4/lib/action_dispatch/middleware/templates/rescues/_request_and_response.html.erb (1.3ms)
  Rendered /home/bartek/.rvm/gems/ruby-2.1.5/gems/actionpack-4.1.4/lib/action_dispatch/middleware/templates/rescues/diagnostics.erb within rescues/layout (22.0ms)
